<?xml version="1.0" encoding="UTF-8"?>
<coverage generated="1631751630834" clover="3.2.0">
  <project timestamp="1631751630834" name="All files">
    <metrics statements="114" coveredstatements="105" conditionals="38" coveredconditionals="32" methods="34" coveredmethods="33" elements="186" coveredelements="170" complexity="0" loc="114" ncloc="114" packages="2" files="2" classes="2"/>
    <package name="problems.0054">
      <metrics statements="105" coveredstatements="96" conditionals="38" coveredconditionals="32" methods="32" coveredmethods="31"/>
      <file name="0054.ts" path="C:\project-euler\problems\0054\0054.ts">
        <metrics statements="105" coveredstatements="96" conditionals="38" coveredconditionals="32" methods="32" coveredmethods="31"/>
        <line num="1" count="1" type="stmt"/>
        <line num="2" count="1" type="stmt"/>
        <line num="3" count="1" type="stmt"/>
        <line num="19" count="1" type="stmt"/>
        <line num="22" count="2" type="stmt"/>
        <line num="27" count="2" type="stmt"/>
        <line num="31" count="2" type="stmt"/>
        <line num="32" count="2" type="stmt"/>
        <line num="33" count="2000" type="stmt"/>
        <line num="35" count="2000" type="stmt"/>
        <line num="36" count="2000" type="stmt"/>
        <line num="42" count="2000" type="cond" truecount="2" falsecount="0"/>
        <line num="43" count="810" type="stmt"/>
        <line num="46" count="2" type="stmt"/>
        <line num="50" count="2000" type="stmt"/>
        <line num="51" count="2000" type="stmt"/>
        <line num="53" count="2000" type="stmt"/>
        <line num="54" count="20000" type="cond" truecount="1" falsecount="1"/>
        <line num="55" count="0" type="stmt"/>
        <line num="58" count="20000" type="stmt"/>
        <line num="59" count="20000" type="stmt"/>
        <line num="60" count="20000" type="stmt"/>
        <line num="62" count="1514" type="stmt"/>
        <line num="63" count="1514" type="stmt"/>
        <line num="65" count="1536" type="stmt"/>
        <line num="66" count="1536" type="stmt"/>
        <line num="68" count="1522" type="stmt"/>
        <line num="69" count="1522" type="stmt"/>
        <line num="71" count="1542" type="stmt"/>
        <line num="72" count="1542" type="stmt"/>
        <line num="74" count="1528" type="stmt"/>
        <line num="75" count="1528" type="stmt"/>
        <line num="77" count="12358" type="stmt"/>
        <line num="78" count="12358" type="stmt"/>
        <line num="81" count="20000" type="stmt"/>
        <line num="85" count="20000" type="cond" truecount="2" falsecount="0"/>
        <line num="86" count="10000" type="stmt"/>
        <line num="88" count="10000" type="stmt"/>
        <line num="95" count="2000" type="stmt"/>
        <line num="102" count="2" type="stmt"/>
        <line num="104" count="2" type="stmt"/>
        <line num="111" count="2" type="stmt"/>
        <line num="113" count="2000" type="stmt"/>
        <line num="118" count="4000" type="stmt"/>
        <line num="120" count="4000" type="stmt"/>
        <line num="125" count="30892" type="stmt"/>
        <line num="127" count="4000" type="stmt"/>
        <line num="128" count="36590" type="stmt"/>
        <line num="129" count="20000" type="cond" truecount="2" falsecount="0"/>
        <line num="130" count="2258" type="stmt"/>
        <line num="132" count="17742" type="stmt"/>
        <line num="138" count="20000" type="stmt"/>
        <line num="141" count="4000" type="stmt"/>
        <line num="142" count="4000" type="stmt"/>
        <line num="152" count="4000" type="stmt"/>
        <line num="153" count="4000" type="stmt"/>
        <line num="155" count="4" type="stmt"/>
        <line num="156" count="4" type="stmt"/>
        <line num="158" count="3996" type="stmt"/>
        <line num="159" count="3996" type="stmt"/>
        <line num="162" count="4000" type="stmt"/>
        <line num="167" count="4" type="cond" truecount="1" falsecount="1"/>
        <line num="168" count="4" type="stmt"/>
        <line num="172" count="0" type="cond" truecount="0" falsecount="2"/>
        <line num="174" count="0" type="stmt"/>
        <line num="178" count="0" type="stmt"/>
        <line num="183" count="3996" type="cond" truecount="2" falsecount="0"/>
        <line num="184" count="8" type="stmt"/>
        <line num="187" count="4" type="cond" truecount="1" falsecount="1"/>
        <line num="188" count="0" type="stmt"/>
        <line num="189" count="0" type="stmt"/>
        <line num="191" count="0" type="stmt"/>
        <line num="195" count="8" type="stmt"/>
        <line num="196" count="4" type="stmt"/>
        <line num="197" count="4" type="stmt"/>
        <line num="200" count="3992" type="cond" truecount="2" falsecount="0"/>
        <line num="202" count="2024" type="cond" truecount="2" falsecount="0"/>
        <line num="203" count="24" type="stmt"/>
        <line num="207" count="2000" type="stmt"/>
        <line num="210" count="1968" type="cond" truecount="2" falsecount="0"/>
        <line num="211" count="756" type="stmt"/>
        <line num="214" count="278" type="cond" truecount="2" falsecount="0"/>
        <line num="215" count="72" type="stmt"/>
        <line num="216" count="216" type="stmt"/>
        <line num="217" count="72" type="stmt"/>
        <line num="218" count="144" type="stmt"/>
        <line num="222" count="72" type="stmt"/>
        <line num="226" count="618" type="stmt"/>
        <line num="227" count="206" type="stmt"/>
        <line num="228" count="412" type="stmt"/>
        <line num="230" count="414" type="stmt"/>
        <line num="231" count="206" type="stmt"/>
        <line num="235" count="1690" type="cond" truecount="1" falsecount="1"/>
        <line num="236" count="4214" type="stmt"/>
        <line num="237" count="6760" type="stmt"/>
        <line num="238" count="3380" type="stmt"/>
        <line num="239" count="5070" type="stmt"/>
        <line num="241" count="1690" type="stmt"/>
        <line num="244" count="0" type="stmt"/>
        <line num="245" count="0" type="stmt"/>
        <line num="249" count="2028" type="cond" truecount="2" falsecount="0"/>
        <line num="253" count="2028" type="stmt"/>
        <line num="254" count="2028" type="stmt"/>
        <line num="255" count="10140" type="stmt"/>
        <line num="257" count="2028" type="stmt"/>
      </file>
    </package>
    <package name="utils">
      <metrics statements="9" coveredstatements="9" conditionals="0" coveredconditionals="0" methods="2" coveredmethods="2"/>
      <file name="solution.ts" path="C:\project-euler\utils\solution.ts">
        <metrics statements="9" coveredstatements="9" conditionals="0" coveredconditionals="0" methods="2" coveredmethods="2"/>
        <line num="5" count="1" type="stmt"/>
        <line num="13" count="2" type="stmt"/>
        <line num="14" count="2" type="stmt"/>
        <line num="16" count="2" type="stmt"/>
        <line num="18" count="2" type="stmt"/>
        <line num="19" count="2" type="stmt"/>
        <line num="20" count="2" type="stmt"/>
        <line num="27" count="1" type="stmt"/>
        <line num="28" count="1" type="stmt"/>
      </file>
    </package>
  </project>
</coverage>
