{"C:\\project-euler\\problems\\0054\\0054.ts": {"path":"C:\\project-euler\\problems\\0054\\0054.ts","statementMap":{"0":{"start":{"line":1,"column":0},"end":{"line":1,"column":69}},"1":{"start":{"line":2,"column":11},"end":{"line":2,"column":24}},"2":{"start":{"line":3,"column":17},"end":{"line":3,"column":36}},"3":{"start":{"line":19,"column":0},"end":{"line":273,"column":null}},"4":{"start":{"line":22,"column":8},"end":{"line":22,"column":29}},"5":{"start":{"line":27,"column":8},"end":{"line":27,"column":52}},"6":{"start":{"line":31,"column":30},"end":{"line":31,"column":31}},"7":{"start":{"line":32,"column":8},"end":{"line":45,"column":11}},"8":{"start":{"line":33,"column":42},"end":{"line":33,"column":67}},"9":{"start":{"line":35,"column":33},"end":{"line":35,"column":56}},"10":{"start":{"line":36,"column":34},"end":{"line":36,"column":58}},"11":{"start":{"line":42,"column":12},"end":{"line":44,"column":null}},"12":{"start":{"line":43,"column":16},"end":{"line":43,"column":35}},"13":{"start":{"line":46,"column":8},"end":{"line":46,"column":31}},"14":{"start":{"line":50,"column":39},"end":{"line":50,"column":41}},"15":{"start":{"line":51,"column":40},"end":{"line":51,"column":42}},"16":{"start":{"line":53,"column":8},"end":{"line":90,"column":11}},"17":{"start":{"line":54,"column":12},"end":{"line":56,"column":null}},"18":{"start":{"line":55,"column":16},"end":{"line":55,"column":23}},"19":{"start":{"line":58,"column":37},"end":{"line":58,"column":44}},"20":{"start":{"line":59,"column":32},"end":{"line":59,"column":33}},"21":{"start":{"line":60,"column":12},"end":{"line":79,"column":null}},"22":{"start":{"line":62,"column":20},"end":{"line":62,"column":31}},"23":{"start":{"line":63,"column":20},"end":{"line":63,"column":26}},"24":{"start":{"line":65,"column":20},"end":{"line":65,"column":31}},"25":{"start":{"line":66,"column":20},"end":{"line":66,"column":26}},"26":{"start":{"line":68,"column":20},"end":{"line":68,"column":31}},"27":{"start":{"line":69,"column":20},"end":{"line":69,"column":26}},"28":{"start":{"line":71,"column":20},"end":{"line":71,"column":31}},"29":{"start":{"line":72,"column":20},"end":{"line":72,"column":26}},"30":{"start":{"line":74,"column":20},"end":{"line":74,"column":31}},"31":{"start":{"line":75,"column":20},"end":{"line":75,"column":26}},"32":{"start":{"line":77,"column":20},"end":{"line":77,"column":47}},"33":{"start":{"line":78,"column":20},"end":{"line":78,"column":26}},"34":{"start":{"line":81,"column":32},"end":{"line":84,"column":14}},"35":{"start":{"line":85,"column":12},"end":{"line":89,"column":null}},"36":{"start":{"line":86,"column":16},"end":{"line":86,"column":41}},"37":{"start":{"line":88,"column":16},"end":{"line":88,"column":42}},"38":{"start":{"line":95,"column":8},"end":{"line":98,"column":10}},"39":{"start":{"line":102,"column":27},"end":{"line":102,"column":56}},"40":{"start":{"line":104,"column":19},"end":{"line":107,"column":10}},"41":{"start":{"line":111,"column":8},"end":{"line":114,"column":null}},"42":{"start":{"line":113,"column":12},"end":{"line":113,"column":27}},"43":{"start":{"line":118,"column":25},"end":{"line":118,"column":42}},"44":{"start":{"line":120,"column":26},"end":{"line":123,"column":10}},"45":{"start":{"line":125,"column":8},"end":{"line":125,"column":56}},"46":{"start":{"line":125,"column":37},"end":{"line":125,"column":54}},"47":{"start":{"line":127,"column":8},"end":{"line":139,"column":11}},"48":{"start":{"line":128,"column":36},"end":{"line":128,"column":92}},"49":{"start":{"line":128,"column":66},"end":{"line":128,"column":91}},"50":{"start":{"line":129,"column":12},"end":{"line":136,"column":null}},"51":{"start":{"line":130,"column":16},"end":{"line":130,"column":54}},"52":{"start":{"line":132,"column":16},"end":{"line":135,"column":19}},"53":{"start":{"line":138,"column":12},"end":{"line":138,"column":null}},"54":{"start":{"line":141,"column":8},"end":{"line":141,"column":40}},"55":{"start":{"line":142,"column":8},"end":{"line":142,"column":20}},"56":{"start":{"line":152,"column":23},"end":{"line":152,"column":25}},"57":{"start":{"line":153,"column":8},"end":{"line":160,"column":null}},"58":{"start":{"line":155,"column":16},"end":{"line":155,"column":54}},"59":{"start":{"line":156,"column":16},"end":{"line":156,"column":22}},"60":{"start":{"line":158,"column":16},"end":{"line":158,"column":56}},"61":{"start":{"line":159,"column":16},"end":{"line":159,"column":22}},"62":{"start":{"line":162,"column":8},"end":{"line":162,"column":34}},"63":{"start":{"line":167,"column":8},"end":{"line":169,"column":null}},"64":{"start":{"line":168,"column":12},"end":{"line":168,"column":null}},"65":{"start":{"line":172,"column":8},"end":{"line":175,"column":null}},"66":{"start":{"line":174,"column":12},"end":{"line":174,"column":39}},"67":{"start":{"line":178,"column":8},"end":{"line":178,"column":63}},"68":{"start":{"line":183,"column":8},"end":{"line":198,"column":null}},"69":{"start":{"line":184,"column":29},"end":{"line":184,"column":67}},"70":{"start":{"line":184,"column":52},"end":{"line":184,"column":66}},"71":{"start":{"line":187,"column":12},"end":{"line":192,"column":null}},"72":{"start":{"line":188,"column":34},"end":{"line":188,"column":53}},"73":{"start":{"line":189,"column":33},"end":{"line":189,"column":81}},"74":{"start":{"line":189,"column":56},"end":{"line":189,"column":70}},"75":{"start":{"line":191,"column":16},"end":{"line":191,"column":84}},"76":{"start":{"line":195,"column":31},"end":{"line":195,"column":79}},"77":{"start":{"line":195,"column":54},"end":{"line":195,"column":68}},"78":{"start":{"line":196,"column":29},"end":{"line":196,"column":77}},"79":{"start":{"line":196,"column":52},"end":{"line":196,"column":66}},"80":{"start":{"line":197,"column":12},"end":{"line":197,"column":81}},"81":{"start":{"line":200,"column":8},"end":{"line":208,"column":null}},"82":{"start":{"line":202,"column":12},"end":{"line":204,"column":null}},"83":{"start":{"line":203,"column":16},"end":{"line":203,"column":71}},"84":{"start":{"line":207,"column":12},"end":{"line":207,"column":67}},"85":{"start":{"line":210,"column":8},"end":{"line":232,"column":null}},"86":{"start":{"line":211,"column":30},"end":{"line":211,"column":68}},"87":{"start":{"line":211,"column":53},"end":{"line":211,"column":67}},"88":{"start":{"line":214,"column":12},"end":{"line":223,"column":null}},"89":{"start":{"line":215,"column":35},"end":{"line":215,"column":54}},"90":{"start":{"line":216,"column":29},"end":{"line":219,"column":29}},"91":{"start":{"line":216,"column":54},"end":{"line":216,"column":68}},"92":{"start":{"line":217,"column":36},"end":{"line":217,"column":53}},"93":{"start":{"line":218,"column":33},"end":{"line":218,"column":71}},"94":{"start":{"line":222,"column":16},"end":{"line":222,"column":81}},"95":{"start":{"line":226,"column":25},"end":{"line":229,"column":29}},"96":{"start":{"line":226,"column":50},"end":{"line":226,"column":64}},"97":{"start":{"line":227,"column":36},"end":{"line":227,"column":53}},"98":{"start":{"line":228,"column":33},"end":{"line":228,"column":71}},"99":{"start":{"line":230,"column":24},"end":{"line":230,"column":74}},"100":{"start":{"line":230,"column":47},"end":{"line":230,"column":61}},"101":{"start":{"line":231,"column":12},"end":{"line":231,"column":70}},"102":{"start":{"line":235,"column":8},"end":{"line":242,"column":null}},"103":{"start":{"line":236,"column":24},"end":{"line":236,"column":74}},"104":{"start":{"line":236,"column":47},"end":{"line":236,"column":61}},"105":{"start":{"line":237,"column":25},"end":{"line":240,"column":29}},"106":{"start":{"line":237,"column":50},"end":{"line":237,"column":64}},"107":{"start":{"line":238,"column":36},"end":{"line":238,"column":53}},"108":{"start":{"line":239,"column":33},"end":{"line":239,"column":71}},"109":{"start":{"line":241,"column":12},"end":{"line":241,"column":70}},"110":{"start":{"line":244,"column":8},"end":{"line":244,"column":65}},"111":{"start":{"line":245,"column":8},"end":{"line":245,"column":46}},"112":{"start":{"line":249,"column":8},"end":{"line":249,"column":93}},"113":{"start":{"line":253,"column":18},"end":{"line":253,"column":20}},"114":{"start":{"line":254,"column":8},"end":{"line":256,"column":null}},"115":{"start":{"line":254,"column":19},"end":{"line":254,"column":29}},"116":{"start":{"line":255,"column":12},"end":{"line":255,"column":78}},"117":{"start":{"line":257,"column":8},"end":{"line":257,"column":19}},"118":{"start":{"line":19,"column":13},"end":{"line":273,"column":null}},"119":{"start":{"line":19,"column":13},"end":{"line":19,"column":23}}},"fnMap":{"0":{"name":"(anonymous_1)","decl":{"start":{"line":21,"column":4},"end":{"line":21,"column":18}},"loc":{"start":{"line":21,"column":18},"end":{"line":23,"column":5}}},"1":{"name":"(anonymous_2)","decl":{"start":{"line":25,"column":14},"end":{"line":25,"column":19}},"loc":{"start":{"line":25,"column":19},"end":{"line":28,"column":5}}},"2":{"name":"(anonymous_3)","decl":{"start":{"line":30,"column":12},"end":{"line":30,"column":17}},"loc":{"start":{"line":30,"column":42},"end":{"line":47,"column":5}}},"3":{"name":"(anonymous_4)","decl":{"start":{"line":32,"column":43},"end":{"line":32,"column":44}},"loc":{"start":{"line":32,"column":52},"end":{"line":45,"column":9}}},"4":{"name":"(anonymous_5)","decl":{"start":{"line":49,"column":12},"end":{"line":49,"column":26}},"loc":{"start":{"line":49,"column":39},"end":{"line":99,"column":5}}},"5":{"name":"(anonymous_6)","decl":{"start":{"line":53,"column":32},"end":{"line":53,"column":33}},"loc":{"start":{"line":53,"column":51},"end":{"line":90,"column":9}}},"6":{"name":"(anonymous_7)","decl":{"start":{"line":101,"column":12},"end":{"line":101,"column":17}},"loc":{"start":{"line":101,"column":81},"end":{"line":115,"column":5}}},"7":{"name":"(anonymous_8)","decl":{"start":{"line":117,"column":12},"end":{"line":117,"column":26}},"loc":{"start":{"line":117,"column":41},"end":{"line":143,"column":5}}},"8":{"name":"(anonymous_9)","decl":{"start":{"line":125,"column":27},"end":{"line":125,"column":28}},"loc":{"start":{"line":125,"column":37},"end":{"line":125,"column":54}}},"9":{"name":"(anonymous_10)","decl":{"start":{"line":127,"column":22},"end":{"line":127,"column":26}},"loc":{"start":{"line":127,"column":29},"end":{"line":139,"column":9}}},"10":{"name":"(anonymous_11)","decl":{"start":{"line":128,"column":58},"end":{"line":128,"column":62}},"loc":{"start":{"line":128,"column":66},"end":{"line":128,"column":91}}},"11":{"name":"(anonymous_12)","decl":{"start":{"line":151,"column":12},"end":{"line":151,"column":20}},"loc":{"start":{"line":151,"column":32},"end":{"line":163,"column":5}}},"12":{"name":"(anonymous_13)","decl":{"start":{"line":165,"column":12},"end":{"line":165,"column":27}},"loc":{"start":{"line":165,"column":39},"end":{"line":179,"column":5}}},"13":{"name":"(anonymous_14)","decl":{"start":{"line":181,"column":12},"end":{"line":181,"column":29}},"loc":{"start":{"line":181,"column":41},"end":{"line":246,"column":5}}},"14":{"name":"(anonymous_15)","decl":{"start":{"line":184,"column":46},"end":{"line":184,"column":48}},"loc":{"start":{"line":184,"column":52},"end":{"line":184,"column":66}}},"15":{"name":"(anonymous_16)","decl":{"start":{"line":189,"column":50},"end":{"line":189,"column":52}},"loc":{"start":{"line":189,"column":56},"end":{"line":189,"column":70}}},"16":{"name":"(anonymous_17)","decl":{"start":{"line":195,"column":48},"end":{"line":195,"column":50}},"loc":{"start":{"line":195,"column":54},"end":{"line":195,"column":68}}},"17":{"name":"(anonymous_18)","decl":{"start":{"line":196,"column":46},"end":{"line":196,"column":48}},"loc":{"start":{"line":196,"column":52},"end":{"line":196,"column":66}}},"18":{"name":"(anonymous_19)","decl":{"start":{"line":211,"column":47},"end":{"line":211,"column":49}},"loc":{"start":{"line":211,"column":53},"end":{"line":211,"column":67}}},"19":{"name":"(anonymous_20)","decl":{"start":{"line":216,"column":48},"end":{"line":216,"column":50}},"loc":{"start":{"line":216,"column":54},"end":{"line":216,"column":68}}},"20":{"name":"(anonymous_21)","decl":{"start":{"line":217,"column":26},"end":{"line":217,"column":27}},"loc":{"start":{"line":217,"column":36},"end":{"line":217,"column":53}}},"21":{"name":"(anonymous_22)","decl":{"start":{"line":218,"column":25},"end":{"line":218,"column":29}},"loc":{"start":{"line":218,"column":33},"end":{"line":218,"column":71}}},"22":{"name":"(anonymous_23)","decl":{"start":{"line":226,"column":44},"end":{"line":226,"column":46}},"loc":{"start":{"line":226,"column":50},"end":{"line":226,"column":64}}},"23":{"name":"(anonymous_24)","decl":{"start":{"line":227,"column":26},"end":{"line":227,"column":27}},"loc":{"start":{"line":227,"column":36},"end":{"line":227,"column":53}}},"24":{"name":"(anonymous_25)","decl":{"start":{"line":228,"column":25},"end":{"line":228,"column":29}},"loc":{"start":{"line":228,"column":33},"end":{"line":228,"column":71}}},"25":{"name":"(anonymous_26)","decl":{"start":{"line":230,"column":41},"end":{"line":230,"column":43}},"loc":{"start":{"line":230,"column":47},"end":{"line":230,"column":61}}},"26":{"name":"(anonymous_27)","decl":{"start":{"line":236,"column":41},"end":{"line":236,"column":43}},"loc":{"start":{"line":236,"column":47},"end":{"line":236,"column":61}}},"27":{"name":"(anonymous_28)","decl":{"start":{"line":237,"column":44},"end":{"line":237,"column":46}},"loc":{"start":{"line":237,"column":50},"end":{"line":237,"column":64}}},"28":{"name":"(anonymous_29)","decl":{"start":{"line":238,"column":26},"end":{"line":238,"column":27}},"loc":{"start":{"line":238,"column":36},"end":{"line":238,"column":53}}},"29":{"name":"(anonymous_30)","decl":{"start":{"line":239,"column":25},"end":{"line":239,"column":29}},"loc":{"start":{"line":239,"column":33},"end":{"line":239,"column":71}}},"30":{"name":"(anonymous_31)","decl":{"start":{"line":248,"column":12},"end":{"line":248,"column":26}},"loc":{"start":{"line":248,"column":38},"end":{"line":250,"column":5}}},"31":{"name":"(anonymous_32)","decl":{"start":{"line":252,"column":12},"end":{"line":252,"column":24}},"loc":{"start":{"line":252,"column":62},"end":{"line":258,"column":5}}}},"branchMap":{"0":{"loc":{"start":{"line":42,"column":12},"end":{"line":44,"column":null}},"type":"if","locations":[{"start":{"line":42,"column":12},"end":{"line":44,"column":null}},{"start":{"line":42,"column":12},"end":{"line":44,"column":null}}]},"1":{"loc":{"start":{"line":54,"column":12},"end":{"line":56,"column":null}},"type":"if","locations":[{"start":{"line":54,"column":12},"end":{"line":56,"column":null}},{"start":{"line":54,"column":12},"end":{"line":56,"column":null}}]},"2":{"loc":{"start":{"line":61,"column":16},"end":{"line":63,"column":26}},"type":"switch","locations":[{"start":{"line":61,"column":16},"end":{"line":63,"column":26}},{"start":{"line":64,"column":16},"end":{"line":66,"column":26}},{"start":{"line":67,"column":16},"end":{"line":69,"column":26}},{"start":{"line":70,"column":16},"end":{"line":72,"column":26}},{"start":{"line":73,"column":16},"end":{"line":75,"column":26}},{"start":{"line":76,"column":16},"end":{"line":78,"column":26}}]},"3":{"loc":{"start":{"line":85,"column":12},"end":{"line":89,"column":null}},"type":"if","locations":[{"start":{"line":85,"column":12},"end":{"line":89,"column":null}},{"start":{"line":85,"column":12},"end":{"line":89,"column":null}}]},"4":{"loc":{"start":{"line":129,"column":12},"end":{"line":136,"column":null}},"type":"if","locations":[{"start":{"line":129,"column":12},"end":{"line":136,"column":null}},{"start":{"line":129,"column":12},"end":{"line":136,"column":null}}]},"5":{"loc":{"start":{"line":154,"column":12},"end":{"line":156,"column":22}},"type":"switch","locations":[{"start":{"line":154,"column":12},"end":{"line":156,"column":22}},{"start":{"line":157,"column":12},"end":{"line":159,"column":22}}]},"6":{"loc":{"start":{"line":167,"column":8},"end":{"line":169,"column":null}},"type":"if","locations":[{"start":{"line":167,"column":8},"end":{"line":169,"column":null}},{"start":{"line":167,"column":8},"end":{"line":169,"column":null}}]},"7":{"loc":{"start":{"line":172,"column":8},"end":{"line":175,"column":null}},"type":"if","locations":[{"start":{"line":172,"column":8},"end":{"line":175,"column":null}},{"start":{"line":172,"column":8},"end":{"line":175,"column":null}}]},"8":{"loc":{"start":{"line":183,"column":8},"end":{"line":198,"column":null}},"type":"if","locations":[{"start":{"line":183,"column":8},"end":{"line":198,"column":null}},{"start":{"line":183,"column":8},"end":{"line":198,"column":null}}]},"9":{"loc":{"start":{"line":187,"column":12},"end":{"line":192,"column":null}},"type":"if","locations":[{"start":{"line":187,"column":12},"end":{"line":192,"column":null}},{"start":{"line":187,"column":12},"end":{"line":192,"column":null}}]},"10":{"loc":{"start":{"line":200,"column":8},"end":{"line":208,"column":null}},"type":"if","locations":[{"start":{"line":200,"column":8},"end":{"line":208,"column":null}},{"start":{"line":200,"column":8},"end":{"line":208,"column":null}}]},"11":{"loc":{"start":{"line":202,"column":12},"end":{"line":204,"column":null}},"type":"if","locations":[{"start":{"line":202,"column":12},"end":{"line":204,"column":null}},{"start":{"line":202,"column":12},"end":{"line":204,"column":null}}]},"12":{"loc":{"start":{"line":210,"column":8},"end":{"line":232,"column":null}},"type":"if","locations":[{"start":{"line":210,"column":8},"end":{"line":232,"column":null}},{"start":{"line":210,"column":8},"end":{"line":232,"column":null}}]},"13":{"loc":{"start":{"line":214,"column":12},"end":{"line":223,"column":null}},"type":"if","locations":[{"start":{"line":214,"column":12},"end":{"line":223,"column":null}},{"start":{"line":214,"column":12},"end":{"line":223,"column":null}}]},"14":{"loc":{"start":{"line":235,"column":8},"end":{"line":242,"column":null}},"type":"if","locations":[{"start":{"line":235,"column":8},"end":{"line":242,"column":null}},{"start":{"line":235,"column":8},"end":{"line":242,"column":null}}]},"15":{"loc":{"start":{"line":249,"column":15},"end":{"line":249,"column":39}},"type":"binary-expr","locations":[{"start":{"line":249,"column":15},"end":{"line":249,"column":39}},{"start":{"line":249,"column":43},"end":{"line":249,"column":92}}]},"16":{"loc":{"start":{"line":252,"column":49},"end":{"line":252,"column":50}},"type":"default-arg","locations":[{"start":{"line":252,"column":49},"end":{"line":252,"column":50}}]},"17":{"loc":{"start":{"line":252,"column":61},"end":{"line":252,"column":62}},"type":"default-arg","locations":[{"start":{"line":252,"column":61},"end":{"line":252,"column":62}}]}},"s":{"0":1,"1":1,"2":1,"3":1,"4":2,"5":2,"6":2,"7":2,"8":2000,"9":2000,"10":2000,"11":2000,"12":810,"13":2,"14":2000,"15":2000,"16":2000,"17":20000,"18":0,"19":20000,"20":20000,"21":20000,"22":1514,"23":1514,"24":1536,"25":1536,"26":1522,"27":1522,"28":1542,"29":1542,"30":1528,"31":1528,"32":12358,"33":12358,"34":20000,"35":20000,"36":10000,"37":10000,"38":2000,"39":2,"40":2,"41":2,"42":2000,"43":4000,"44":4000,"45":4000,"46":30892,"47":4000,"48":20000,"49":36590,"50":20000,"51":2258,"52":17742,"53":20000,"54":4000,"55":4000,"56":4000,"57":4000,"58":4,"59":4,"60":3996,"61":3996,"62":4000,"63":4,"64":4,"65":0,"66":0,"67":0,"68":3996,"69":4,"70":8,"71":4,"72":0,"73":0,"74":0,"75":0,"76":4,"77":8,"78":4,"79":4,"80":4,"81":3992,"82":2024,"83":24,"84":2000,"85":1968,"86":278,"87":756,"88":278,"89":72,"90":72,"91":216,"92":72,"93":144,"94":72,"95":206,"96":618,"97":206,"98":412,"99":206,"100":414,"101":206,"102":1690,"103":1690,"104":4214,"105":1690,"106":6760,"107":3380,"108":5070,"109":1690,"110":0,"111":0,"112":2028,"113":2028,"114":2028,"115":2028,"116":10140,"117":2028,"118":1,"119":1},"f":{"0":2,"1":2,"2":2,"3":2000,"4":2000,"5":20000,"6":2,"7":4000,"8":30892,"9":20000,"10":36590,"11":4000,"12":4,"13":3996,"14":8,"15":0,"16":8,"17":4,"18":756,"19":216,"20":72,"21":144,"22":618,"23":206,"24":412,"25":414,"26":4214,"27":6760,"28":3380,"29":5070,"30":2028,"31":2028},"b":{"0":[810,1190],"1":[0,20000],"2":[1514,1536,1522,1542,1528,12358],"3":[10000,10000],"4":[2258,17742],"5":[4,3996],"6":[4,0],"7":[0,0],"8":[4,3992],"9":[0,4],"10":[2024,1968],"11":[24,2000],"12":[278,1690],"13":[72,206],"14":[1690,0],"15":[2028,2028],"16":[2028],"17":[2028]}}
,"C:\\project-euler\\utils\\solution.ts": {"path":"C:\\project-euler\\utils\\solution.ts","statementMap":{"0":{"start":{"line":13,"column":26},"end":{"line":13,"column":36}},"1":{"start":{"line":14,"column":8},"end":{"line":14,"column":69}},"2":{"start":{"line":16,"column":25},"end":{"line":16,"column":43}},"3":{"start":{"line":18,"column":24},"end":{"line":18,"column":34}},"4":{"start":{"line":19,"column":8},"end":{"line":19,"column":44}},"5":{"start":{"line":20,"column":8},"end":{"line":20,"column":64}},"6":{"start":{"line":5,"column":0},"end":{"line":5,"column":22}},"7":{"start":{"line":28,"column":4},"end":{"line":28,"column":28}},"8":{"start":{"line":27,"column":0},"end":{"line":27,"column":16}}},"fnMap":{"0":{"name":"(anonymous_0)","decl":{"start":{"line":12,"column":4},"end":{"line":12,"column":9}},"loc":{"start":{"line":12,"column":13},"end":{"line":21,"column":5}}},"1":{"name":"RunSolution","decl":{"start":{"line":27,"column":16},"end":{"line":27,"column":27}},"loc":{"start":{"line":27,"column":54},"end":{"line":29,"column":1}}}},"branchMap":{},"s":{"0":2,"1":2,"2":2,"3":2,"4":2,"5":2,"6":1,"7":1,"8":1},"f":{"0":2,"1":1},"b":{}}
}
