TN:
SF:problems\0054\0054.ts
FN:21,(anonymous_1)
FN:25,(anonymous_2)
FN:30,(anonymous_3)
FN:32,(anonymous_4)
FN:49,(anonymous_5)
FN:53,(anonymous_6)
FN:101,(anonymous_7)
FN:117,(anonymous_8)
FN:125,(anonymous_9)
FN:127,(anonymous_10)
FN:128,(anonymous_11)
FN:151,(anonymous_12)
FN:165,(anonymous_13)
FN:181,(anonymous_14)
FN:184,(anonymous_15)
FN:189,(anonymous_16)
FN:195,(anonymous_17)
FN:196,(anonymous_18)
FN:211,(anonymous_19)
FN:216,(anonymous_20)
FN:217,(anonymous_21)
FN:218,(anonymous_22)
FN:226,(anonymous_23)
FN:227,(anonymous_24)
FN:228,(anonymous_25)
FN:230,(anonymous_26)
FN:236,(anonymous_27)
FN:237,(anonymous_28)
FN:238,(anonymous_29)
FN:239,(anonymous_30)
FN:248,(anonymous_31)
FN:252,(anonymous_32)
FNF:32
FNH:31
FNDA:2,(anonymous_1)
FNDA:2,(anonymous_2)
FNDA:2,(anonymous_3)
FNDA:2000,(anonymous_4)
FNDA:2000,(anonymous_5)
FNDA:20000,(anonymous_6)
FNDA:2,(anonymous_7)
FNDA:4000,(anonymous_8)
FNDA:30892,(anonymous_9)
FNDA:20000,(anonymous_10)
FNDA:36590,(anonymous_11)
FNDA:4000,(anonymous_12)
FNDA:4,(anonymous_13)
FNDA:3996,(anonymous_14)
FNDA:8,(anonymous_15)
FNDA:0,(anonymous_16)
FNDA:8,(anonymous_17)
FNDA:4,(anonymous_18)
FNDA:756,(anonymous_19)
FNDA:216,(anonymous_20)
FNDA:72,(anonymous_21)
FNDA:144,(anonymous_22)
FNDA:618,(anonymous_23)
FNDA:206,(anonymous_24)
FNDA:412,(anonymous_25)
FNDA:414,(anonymous_26)
FNDA:4214,(anonymous_27)
FNDA:6760,(anonymous_28)
FNDA:3380,(anonymous_29)
FNDA:5070,(anonymous_30)
FNDA:2028,(anonymous_31)
FNDA:2028,(anonymous_32)
DA:1,1
DA:2,1
DA:3,1
DA:19,1
DA:22,2
DA:27,2
DA:31,2
DA:32,2
DA:33,2000
DA:35,2000
DA:36,2000
DA:42,2000
DA:43,810
DA:46,2
DA:50,2000
DA:51,2000
DA:53,2000
DA:54,20000
DA:55,0
DA:58,20000
DA:59,20000
DA:60,20000
DA:62,1514
DA:63,1514
DA:65,1536
DA:66,1536
DA:68,1522
DA:69,1522
DA:71,1542
DA:72,1542
DA:74,1528
DA:75,1528
DA:77,12358
DA:78,12358
DA:81,20000
DA:85,20000
DA:86,10000
DA:88,10000
DA:95,2000
DA:102,2
DA:104,2
DA:111,2
DA:113,2000
DA:118,4000
DA:120,4000
DA:125,30892
DA:127,4000
DA:128,36590
DA:129,20000
DA:130,2258
DA:132,17742
DA:138,20000
DA:141,4000
DA:142,4000
DA:152,4000
DA:153,4000
DA:155,4
DA:156,4
DA:158,3996
DA:159,3996
DA:162,4000
DA:167,4
DA:168,4
DA:172,0
DA:174,0
DA:178,0
DA:183,3996
DA:184,8
DA:187,4
DA:188,0
DA:189,0
DA:191,0
DA:195,8
DA:196,4
DA:197,4
DA:200,3992
DA:202,2024
DA:203,24
DA:207,2000
DA:210,1968
DA:211,756
DA:214,278
DA:215,72
DA:216,216
DA:217,72
DA:218,144
DA:222,72
DA:226,618
DA:227,206
DA:228,412
DA:230,414
DA:231,206
DA:235,1690
DA:236,4214
DA:237,6760
DA:238,3380
DA:239,5070
DA:241,1690
DA:244,0
DA:245,0
DA:249,2028
DA:253,2028
DA:254,2028
DA:255,10140
DA:257,2028
LF:105
LH:96
BRDA:42,0,0,810
BRDA:42,0,1,1190
BRDA:54,1,0,0
BRDA:54,1,1,20000
BRDA:61,2,0,1514
BRDA:61,2,1,1536
BRDA:61,2,2,1522
BRDA:61,2,3,1542
BRDA:61,2,4,1528
BRDA:61,2,5,12358
BRDA:85,3,0,10000
BRDA:85,3,1,10000
BRDA:129,4,0,2258
BRDA:129,4,1,17742
BRDA:154,5,0,4
BRDA:154,5,1,3996
BRDA:167,6,0,4
BRDA:167,6,1,0
BRDA:172,7,0,0
BRDA:172,7,1,0
BRDA:183,8,0,4
BRDA:183,8,1,3992
BRDA:187,9,0,0
BRDA:187,9,1,4
BRDA:200,10,0,2024
BRDA:200,10,1,1968
BRDA:202,11,0,24
BRDA:202,11,1,2000
BRDA:210,12,0,278
BRDA:210,12,1,1690
BRDA:214,13,0,72
BRDA:214,13,1,206
BRDA:235,14,0,1690
BRDA:235,14,1,0
BRDA:249,15,0,2028
BRDA:249,15,1,2028
BRDA:252,16,0,2028
BRDA:252,17,0,2028
BRF:38
BRH:32
end_of_record
TN:
SF:utils\solution.ts
FN:12,(anonymous_0)
FN:27,RunSolution
FNF:2
FNH:2
FNDA:2,(anonymous_0)
FNDA:1,RunSolution
DA:5,1
DA:13,2
DA:14,2
DA:16,2
DA:18,2
DA:19,2
DA:20,2
DA:27,1
DA:28,1
LF:9
LH:9
BRF:0
BRH:0
end_of_record
